::1 - - [14/Nov/2024:05:54:02 +0000] "GET / HTTP/1.1" 404 1164 "-" "Mozilla/5.0 (Windows NT 10.0; Win64; x64) AppleWebKit/537.36 (KHTML, like Gecko) Chrome/130.0.0.0 Safari/537.36"
::1 - - [14/Nov/2024:05:54:03 +0000] "GET /favicon.ico HTTP/1.1" 404 1175 "http://localhost:5000/" "Mozilla/5.0 (Windows NT 10.0; Win64; x64) AppleWebKit/537.36 (KHTML, like Gecko) Chrome/130.0.0.0 Safari/537.36"
::1 - - [14/Nov/2024:05:56:08 +0000] "GET / HTTP/1.1" 404 1164 "-" "Mozilla/5.0 (Windows NT 10.0; Win64; x64) AppleWebKit/537.36 (KHTML, like Gecko) Chrome/130.0.0.0 Safari/537.36"
::1 - - [14/Nov/2024:05:56:57 +0000] "GET / HTTP/1.1" 404 1164 "-" "Mozilla/5.0 (Windows NT 10.0; Win64; x64) AppleWebKit/537.36 (KHTML, like Gecko) Chrome/130.0.0.0 Safari/537.36"
::1 - - [14/Nov/2024:05:58:36 +0000] "GET / HTTP/1.1" 404 1070 "-" "Mozilla/5.0 (Windows NT 10.0; Win64; x64) AppleWebKit/537.36 (KHTML, like Gecko) Chrome/130.0.0.0 Safari/537.36"
::1 - - [14/Nov/2024:06:15:38 +0000] "GET / HTTP/1.1" 404 1070 "-" "Mozilla/5.0 (Windows NT 10.0; Win64; x64) AppleWebKit/537.36 (KHTML, like Gecko) Chrome/130.0.0.0 Safari/537.36"
::1 - - [14/Nov/2024:06:42:08 +0000] "POST /user/register HTTP/1.1" 404 1011 "-" "PostmanRuntime/7.42.0"
::1 - - [14/Nov/2024:06:42:18 +0000] "POST /api/user/register HTTP/1.1" 201 311 "-" "PostmanRuntime/7.42.0"
::1 - - [14/Nov/2024:06:49:31 +0000] "POST /api/user/register HTTP/1.1" 201 318 "-" "PostmanRuntime/7.42.0"
::1 - - [14/Nov/2024:06:53:41 +0000] "POST /api/user/register HTTP/1.1" 500 834 "-" "PostmanRuntime/7.42.0"
::1 - - [14/Nov/2024:07:02:40 +0000] "PUT /api/user/update/67359bcad0c6ab46e49cae77 HTTP/1.1" 500 834 "-" "PostmanRuntime/7.42.0"
::1 - - [14/Nov/2024:07:03:45 +0000] "PUT /api/user/update/67359bcad0c6ab46e49cae77 HTTP/1.1" 200 16 "-" "PostmanRuntime/7.42.0"
::1 - - [14/Nov/2024:07:04:06 +0000] "PUT /api/user/update/67359bcad0c6ab46e49cae77 HTTP/1.1" 200 16 "-" "PostmanRuntime/7.42.0"
::1 - - [14/Nov/2024:07:06:01 +0000] "PUT /api/user/update/67359bcad0c6ab46e49cae77 HTTP/1.1" 200 16 "-" "PostmanRuntime/7.42.0"
::1 - - [14/Nov/2024:07:08:40 +0000] "PUT /api/user/update/67359bcad0c6ab46e49cae77 HTTP/1.1" 200 155 "-" "PostmanRuntime/7.42.0"
::1 - - [14/Nov/2024:07:08:59 +0000] "PUT /api/user/update/67359bcad0c6ab46e49cae77 HTTP/1.1" 200 155 "-" "PostmanRuntime/7.42.0"
::1 - - [14/Nov/2024:07:10:44 +0000] "PUT /api/user/update/67359bcad0c6ab46e49cae77 HTTP/1.1" 500 1002 "-" "PostmanRuntime/7.42.0"
::1 - - [14/Nov/2024:07:11:22 +0000] "PUT /api/user/update/67359bcad0c6ab46e49cae77 HTTP/1.1" 200 155 "-" "PostmanRuntime/7.42.0"
::1 - - [14/Nov/2024:07:14:08 +0000] "PUT /api/user/update/67359bcad0c6ab46e49cae77 HTTP/1.1" 200 320 "-" "PostmanRuntime/7.42.0"
::1 - - [14/Nov/2024:07:21:00 +0000] "PUT /api/user/update/67359bcad0c6ab46e49cae77 HTTP/1.1" 200 311 "-" "PostmanRuntime/7.42.0"
::1 - - [14/Nov/2024:07:26:55 +0000] "PUT /api/user/update/67359bcad0c6ab46e49cae77 HTTP/1.1" 200 311 "-" "PostmanRuntime/7.42.0"
::1 - - [14/Nov/2024:07:35:43 +0000] "PUT /api/user/update/67359bcad0c6ab46e49cae77 HTTP/1.1" 200 306 "-" "PostmanRuntime/7.42.0"
::1 - - [14/Nov/2024:07:37:11 +0000] "PUT /api/user/update/67359bcad0c6ab46e49cae77 HTTP/1.1" 500 888 "-" "PostmanRuntime/7.42.0"
::1 - - [14/Nov/2024:07:37:21 +0000] "PUT /api/user/update/67359bcad0c6ab46e49cae77 HTTP/1.1" 200 306 "-" "PostmanRuntime/7.42.0"
::1 - - [14/Nov/2024:07:37:54 +0000] "PUT /api/user/update/67359bcad0c6ab46e49cae77 HTTP/1.1" 200 306 "-" "PostmanRuntime/7.42.0"
::1 - - [14/Nov/2024:07:38:58 +0000] "PUT /api/user/update/67359bcad0c6ab46e49cae77 HTTP/1.1" 200 306 "-" "PostmanRuntime/7.42.0"
::1 - - [14/Nov/2024:07:42:27 +0000] "PUT /api/user/update/67359bcad0c6ab46e49cae77 HTTP/1.1" 200 306 "-" "PostmanRuntime/7.42.0"
::1 - - [14/Nov/2024:07:42:50 +0000] "PUT /api/user/update/67359bcad0c6ab46e49cae77 HTTP/1.1" 200 306 "-" "PostmanRuntime/7.42.0"
::1 - - [14/Nov/2024:07:43:39 +0000] "PUT /api/user/update/67359bcad0c6ab46e49cae77 HTTP/1.1" 200 305 "-" "PostmanRuntime/7.42.0"
::1 - - [14/Nov/2024:07:46:58 +0000] "PUT /api/user/update/67359bcad0c6ab46e49cae77 HTTP/1.1" 200 222 "-" "PostmanRuntime/7.42.0"
::1 - - [14/Nov/2024:07:52:37 +0000] "GET /api/user/67359bcad0c6ab46e49cae77 HTTP/1.1" 404 1108 "-" "PostmanRuntime/7.42.0"
::1 - - [14/Nov/2024:07:52:55 +0000] "GET /api/user/67359bcad0c6ab46e49cae77 HTTP/1.1" 200 224 "-" "PostmanRuntime/7.42.0"
::1 - - [14/Nov/2024:07:54:51 +0000] "PUT /api/user/update/67359bcad0c6ab46e49cae77 HTTP/1.1" 200 227 "-" "PostmanRuntime/7.42.0"
::1 - - [14/Nov/2024:07:55:01 +0000] "GET /api/user/67359bcad0c6ab46e49cae77 HTTP/1.1" 200 229 "-" "PostmanRuntime/7.42.0"
::1 - - [14/Nov/2024:08:03:34 +0000] "DELETE /api/user/delete/67359bcad0c6ab46e49cae77 HTTP/1.1" 200 227 "-" "PostmanRuntime/7.42.0"
::1 - - [14/Nov/2024:08:04:56 +0000] "POST /api/user/register HTTP/1.1" 201 228 "-" "PostmanRuntime/7.42.0"
::1 - - [14/Nov/2024:08:13:48 +0000] "GET /api/user/67359bcad0c6ab46e49cae77 HTTP/1.1" 500 299 "-" "PostmanRuntime/7.42.0"
::1 - - [14/Nov/2024:08:14:14 +0000] "GET /api/user/67359d7bd0c6ab46e49cae79 HTTP/1.1" 200 236 "-" "PostmanRuntime/7.42.0"
::1 - - [14/Nov/2024:08:16:30 +0000] "GET /api/user/all HTTP/1.1" 200 405 "-" "PostmanRuntime/7.42.0"
::1 - - [14/Nov/2024:08:19:16 +0000] "GET /api/user/all HTTP/1.1" 200 405 "-" "Mozilla/5.0 (Windows NT 10.0; Win64; x64) AppleWebKit/537.36 (KHTML, like Gecko) Chrome/130.0.0.0 Safari/537.36"
::1 - - [14/Nov/2024:08:24:23 +0000] "PATCH /api/user/block/67359d7bd0c6ab46e49cae79 HTTP/1.1" 200 235 "-" "PostmanRuntime/7.42.0"
::1 - - [14/Nov/2024:08:25:14 +0000] "PATCH /api/user/unblock/67359d7bd0c6ab46e49cae79 HTTP/1.1" 200 236 "-" "PostmanRuntime/7.42.0"
::1 - - [14/Nov/2024:08:25:24 +0000] "PATCH /api/user/block/67359d7bd0c6ab46e49cae79 HTTP/1.1" 200 235 "-" "PostmanRuntime/7.42.0"
::1 - - [14/Nov/2024:08:25:32 +0000] "PATCH /api/user/unblock/67359d7bd0c6ab46e49cae79 HTTP/1.1" 200 236 "-" "PostmanRuntime/7.42.0"
::1 - - [14/Nov/2024:08:42:19 +0000] "POST /api/user/login HTTP/1.1" 200 16 "-" "PostmanRuntime/7.42.0"
::1 - - [14/Nov/2024:08:43:02 +0000] "POST /api/user/login HTTP/1.1" 200 16 "-" "PostmanRuntime/7.42.0"
::1 - - [14/Nov/2024:08:43:09 +0000] "POST /api/user/login HTTP/1.1" 200 16 "-" "PostmanRuntime/7.42.0"
::1 - - [14/Nov/2024:08:45:38 +0000] "POST /api/user/login HTTP/1.1" 200 16 "-" "PostmanRuntime/7.42.0"
::1 - - [14/Nov/2024:08:45:45 +0000] "POST /api/user/login HTTP/1.1" 200 16 "-" "PostmanRuntime/7.42.0"
::1 - - [14/Nov/2024:08:47:10 +0000] "POST /api/user/login HTTP/1.1" 500 306 "-" "PostmanRuntime/7.42.0"
::1 - - [14/Nov/2024:08:47:25 +0000] "POST /api/user/login HTTP/1.1" 404 244 "-" "PostmanRuntime/7.42.0"
::1 - - [14/Nov/2024:08:47:42 +0000] "POST /api/user/login HTTP/1.1" 404 161 "-" "PostmanRuntime/7.42.0"
::1 - - [14/Nov/2024:08:47:48 +0000] "POST /api/user/login HTTP/1.1" 404 244 "-" "PostmanRuntime/7.42.0"
::1 - - [14/Nov/2024:08:48:00 +0000] "POST /api/user/login HTTP/1.1" 200 16 "-" "PostmanRuntime/7.42.0"
::1 - - [14/Nov/2024:08:53:31 +0000] "POST /api/user/login HTTP/1.1" 500 292 "-" "PostmanRuntime/7.42.0"
::1 - - [14/Nov/2024:08:53:58 +0000] "POST /api/user/login HTTP/1.1" 500 292 "-" "PostmanRuntime/7.42.0"
::1 - - [14/Nov/2024:08:54:13 +0000] "POST /api/user/login HTTP/1.1" 200 417 "-" "PostmanRuntime/7.42.0"
::1 - - [14/Nov/2024:09:15:37 +0000] "POST /api/register HTTP/1.1" 404 1009 "-" "PostmanRuntime/7.42.0"
::1 - - [14/Nov/2024:09:16:01 +0000] "POST /api/login HTTP/1.1" 404 1003 "-" "PostmanRuntime/7.42.0"
::1 - - [14/Nov/2024:09:16:38 +0000] "POST /login HTTP/1.1" 200 417 "-" "PostmanRuntime/7.42.0"
::1 - - [14/Nov/2024:09:16:47 +0000] "POST /register HTTP/1.1" 500 822 "-" "PostmanRuntime/7.42.0"
::1 - - [14/Nov/2024:09:18:06 +0000] "GET /api/user/all HTTP/1.1" 200 405 "-" "PostmanRuntime/7.42.0"
::1 - - [14/Nov/2024:09:20:13 +0000] "GET /api/user/all HTTP/1.1" 401 1105 "-" "PostmanRuntime/7.42.0"
::1 - - [14/Nov/2024:09:20:23 +0000] "GET /api/user/all HTTP/1.1" 401 1105 "-" "PostmanRuntime/7.42.0"
::1 - - [14/Nov/2024:09:20:38 +0000] "GET /api/user/all HTTP/1.1" 200 405 "-" "PostmanRuntime/7.42.0"
::1 - - [14/Nov/2024:09:23:19 +0000] "GET /api/user/all HTTP/1.1" 200 405 "-" "PostmanRuntime/7.42.0"
::1 - - [14/Nov/2024:09:24:45 +0000] "POST /login HTTP/1.1" 200 417 "-" "PostmanRuntime/7.42.0"
::1 - - [14/Nov/2024:09:24:57 +0000] "GET /api/user/all HTTP/1.1" 200 405 "-" "PostmanRuntime/7.42.0"
::1 - - [14/Nov/2024:09:25:12 +0000] "GET /api/user/all HTTP/1.1" 200 405 "-" "PostmanRuntime/7.42.0"
::1 - - [14/Nov/2024:09:25:22 +0000] "GET /api/user/all HTTP/1.1" 200 405 "-" "PostmanRuntime/7.42.0"
::1 - - [14/Nov/2024:09:25:31 +0000] "GET /api/user/all HTTP/1.1" 200 405 "-" "PostmanRuntime/7.42.0"
::1 - - [14/Nov/2024:09:25:45 +0000] "GET /api/user/all HTTP/1.1" 200 405 "-" "PostmanRuntime/7.42.0"
::1 - - [14/Nov/2024:09:26:05 +0000] "GET /api/user/all HTTP/1.1" 200 405 "-" "PostmanRuntime/7.42.0"
::1 - - [14/Nov/2024:09:27:36 +0000] "GET /api/user/all HTTP/1.1" 401 304 "-" "PostmanRuntime/7.42.0"
::1 - - [14/Nov/2024:09:28:25 +0000] "GET /api/user/all HTTP/1.1" 401 316 "-" "PostmanRuntime/7.42.0"
::1 - - [14/Nov/2024:09:28:40 +0000] "GET /api/user/all HTTP/1.1" 200 405 "-" "PostmanRuntime/7.42.0"
::1 - - [14/Nov/2024:09:30:01 +0000] "GET /api/user/all HTTP/1.1" 200 405 "-" "PostmanRuntime/7.42.0"
::1 - - [14/Nov/2024:09:32:30 +0000] "GET /api/user/all HTTP/1.1" 200 405 "-" "PostmanRuntime/7.42.0"
::1 - - [14/Nov/2024:09:32:43 +0000] "GET /api/user/all HTTP/1.1" 200 405 "-" "PostmanRuntime/7.42.0"
::1 - - [14/Nov/2024:10:40:07 +0000] "GET /api/user/all HTTP/1.1" 200 405 "-" "PostmanRuntime/7.42.0"
::1 - - [14/Nov/2024:10:49:23 +0000] "PATCH /api/user/block/67359d7bd0c6ab46e49cae79 HTTP/1.1" 401 306 "-" "PostmanRuntime/7.42.0"
::1 - - [14/Nov/2024:10:49:51 +0000] "PATCH /api/user/block/67359d7bd0c6ab46e49cae79 HTTP/1.1" 401 316 "-" "PostmanRuntime/7.42.0"
::1 - - [14/Nov/2024:10:50:36 +0000] "PATCH /api/user/block/67359d7bd0c6ab46e49cae79 HTTP/1.1" 200 235 "-" "PostmanRuntime/7.42.0"
::1 - - [14/Nov/2024:10:51:02 +0000] "PATCH /api/user/block/67359d7bd0c6ab46e49cae79 HTTP/1.1" 403 322 "-" "PostmanRuntime/7.42.0"
::1 - - [14/Nov/2024:10:51:33 +0000] "POST /login HTTP/1.1" 200 411 "-" "PostmanRuntime/7.42.0"
::1 - - [14/Nov/2024:10:51:49 +0000] "PATCH /api/user/unblock/67359d7bd0c6ab46e49cae79 HTTP/1.1" 401 316 "-" "PostmanRuntime/7.42.0"
::1 - - [14/Nov/2024:10:52:06 +0000] "PATCH /api/user/unblock/67359d7bd0c6ab46e49cae79 HTTP/1.1" 200 236 "-" "PostmanRuntime/7.42.0"
::1 - - [14/Nov/2024:10:58:13 +0000] "GET /api/user/all HTTP/1.1" 200 405 "-" "PostmanRuntime/7.42.0"
::1 - - [14/Nov/2024:10:58:30 +0000] "GET /api/user/all HTTP/1.1" 403 1122 "-" "PostmanRuntime/7.42.0"
::1 - - [14/Nov/2024:10:59:07 +0000] "PATCH /api/user/block/67359d7bd0c6ab46e49cae79 HTTP/1.1" 403 1113 "-" "PostmanRuntime/7.42.0"
::1 - - [14/Nov/2024:11:15:23 +0000] "GET /api/user/ HTTP/1.1" 200 230 "-" "PostmanRuntime/7.42.0"
::1 - - [14/Nov/2024:11:15:46 +0000] "GET /api/user/67359d7bd0c6ab46e49cae79 HTTP/1.1" 403 1123 "-" "PostmanRuntime/7.42.0"
::1 - - [14/Nov/2024:11:15:50 +0000] "GET /api/user/ HTTP/1.1" 200 230 "-" "PostmanRuntime/7.42.0"
::1 - - [14/Nov/2024:11:26:58 +0000] "PUT /api/user/update/ HTTP/1.1" 401 316 "-" "PostmanRuntime/7.42.0"
::1 - - [14/Nov/2024:11:27:08 +0000] "POST /login HTTP/1.1" 200 411 "-" "PostmanRuntime/7.42.0"
::1 - - [14/Nov/2024:11:27:38 +0000] "PUT /api/user/update/ HTTP/1.1" 200 223 "-" "PostmanRuntime/7.42.0"
::1 - - [14/Nov/2024:11:28:46 +0000] "PUT /api/user/update/67359d7bd0c6ab46e49cae79 HTTP/1.1" 401 316 "-" "PostmanRuntime/7.42.0"
::1 - - [14/Nov/2024:11:29:52 +0000] "PUT /api/user/update/67359d7bd0c6ab46e49cae79 HTTP/1.1" 403 1123 "-" "PostmanRuntime/7.42.0"
::1 - - [14/Nov/2024:11:30:36 +0000] "GET /api/user/ HTTP/1.1" 200 225 "-" "PostmanRuntime/7.42.0"
::1 - - [14/Nov/2024:11:30:58 +0000] "GET /api/user/67359d7bd0c6ab46e49cae79 HTTP/1.1" 403 1123 "-" "PostmanRuntime/7.42.0"
::1 - - [14/Nov/2024:11:31:22 +0000] "GET /api/user/67359d7bd0c6ab46e49cae79 HTTP/1.1" 403 1123 "-" "PostmanRuntime/7.42.0"
::1 - - [14/Nov/2024:11:32:10 +0000] "GET /api/user/all HTTP/1.1" 403 1133 "-" "PostmanRuntime/7.42.0"
::1 - - [14/Nov/2024:11:32:46 +0000] "DELETE /api/user/delete/ HTTP/1.1" 200 223 "-" "PostmanRuntime/7.42.0"
::1 - - [14/Nov/2024:11:32:54 +0000] "DELETE /api/user/delete/ HTTP/1.1" 401 306 "-" "PostmanRuntime/7.42.0"
::1 - - [14/Nov/2024:11:33:10 +0000] "POST /register HTTP/1.1" 201 228 "-" "PostmanRuntime/7.42.0"
::1 - - [14/Nov/2024:11:33:19 +0000] "POST /login HTTP/1.1" 200 411 "-" "PostmanRuntime/7.42.0"
::1 - - [14/Nov/2024:11:33:50 +0000] "DELETE /api/user/delete/67359d7bd0c6ab46e49cae79 HTTP/1.1" 403 1123 "-" "PostmanRuntime/7.42.0"
::1 - - [14/Nov/2024:11:34:50 +0000] "POST /login HTTP/1.1" 200 417 "-" "PostmanRuntime/7.42.0"
::1 - - [14/Nov/2024:11:35:13 +0000] "DELETE /api/user/delete/6735dff62019dccf2927c591 HTTP/1.1" 200 228 "-" "PostmanRuntime/7.42.0"
::1 - - [14/Nov/2024:11:35:31 +0000] "POST /register HTTP/1.1" 201 228 "-" "PostmanRuntime/7.42.0"
::1 - - [14/Nov/2024:11:35:41 +0000] "POST /login HTTP/1.1" 200 411 "-" "PostmanRuntime/7.42.0"
::1 - - [14/Nov/2024:11:36:02 +0000] "PATCH /api/user/block/67359d7bd0c6ab46e49cae79 HTTP/1.1" 403 1123 "-" "PostmanRuntime/7.42.0"
